0 info it worked if it ends with ok
1 verbose cli [ 'C:\\Program Files\\nodejs\\node.exe',
1 verbose cli   'C:\\Program Files\\nodejs\\node_modules\\npm\\bin\\npm-cli.js',
1 verbose cli   'install',
1 verbose cli   '--save',
1 verbose cli   'fastdom-promised' ]
2 info using npm@3.7.3
3 info using node@v5.9.0
4 verbose config Skipping project config: C:\Users\thekho.ngaosathe/.npmrc. (matches userconfig)
5 silly loadCurrentTree Starting
6 silly install loadCurrentTree
7 silly install readLocalPackageData
8 silly fetchPackageMetaData fastdom-promised
9 silly fetchNamedPackageData fastdom-promised
10 silly mapToRegistry name fastdom-promised
11 silly mapToRegistry using default registry
12 silly mapToRegistry registry https://registry.npmjs.org/
13 silly mapToRegistry uri https://registry.npmjs.org/fastdom-promised
14 verbose request uri https://registry.npmjs.org/fastdom-promised
15 verbose request no auth needed
16 info attempt registry request try #1 at 7:41:37 PM
17 verbose request id 1aa2002ad63ef482
18 http request GET https://registry.npmjs.org/fastdom-promised
19 info retry will retry, error on last attempt: Error: connect ETIMEDOUT 151.101.8.162:443
20 info attempt registry request try #2 at 7:42:08 PM
21 http request GET https://registry.npmjs.org/fastdom-promised
22 http 404 https://registry.npmjs.org/fastdom-promised
23 verbose headers { 'content-type': 'application/json',
23 verbose headers   'cache-control': 'max-age=0',
23 verbose headers   'content-length': '2',
23 verbose headers   'accept-ranges': 'bytes',
23 verbose headers   date: 'Mon, 03 Oct 2016 14:12:51 GMT',
23 verbose headers   via: '1.1 varnish',
23 verbose headers   age: '0',
23 verbose headers   connection: 'keep-alive',
23 verbose headers   'x-served-by': 'cache-sin6920-SIN',
23 verbose headers   'x-cache': 'MISS',
23 verbose headers   'x-cache-hits': '0',
23 verbose headers   'x-timer': 'S1475503971.390076,VS0,VE214',
23 verbose headers   vary: 'Accept-Encoding' }
24 silly get cb [ 404,
24 silly get   { 'content-type': 'application/json',
24 silly get     'cache-control': 'max-age=0',
24 silly get     'content-length': '2',
24 silly get     'accept-ranges': 'bytes',
24 silly get     date: 'Mon, 03 Oct 2016 14:12:51 GMT',
24 silly get     via: '1.1 varnish',
24 silly get     age: '0',
24 silly get     connection: 'keep-alive',
24 silly get     'x-served-by': 'cache-sin6920-SIN',
24 silly get     'x-cache': 'MISS',
24 silly get     'x-cache-hits': '0',
24 silly get     'x-timer': 'S1475503971.390076,VS0,VE214',
24 silly get     vary: 'Accept-Encoding' } ]
25 silly fetchPackageMetaData Error: Registry returned 404 for GET on https://registry.npmjs.org/fastdom-promised
25 silly fetchPackageMetaData     at makeError (C:\Program Files\nodejs\node_modules\npm\node_modules\npm-registry-client\lib\request.js:264:12)
25 silly fetchPackageMetaData     at CachingRegistryClient.<anonymous> (C:\Program Files\nodejs\node_modules\npm\node_modules\npm-registry-client\lib\request.js:242:14)
25 silly fetchPackageMetaData     at Request._callback (C:\Program Files\nodejs\node_modules\npm\node_modules\npm-registry-client\lib\request.js:172:14)
25 silly fetchPackageMetaData     at Request.self.callback (C:\Program Files\nodejs\node_modules\npm\node_modules\request\request.js:199:22)
25 silly fetchPackageMetaData     at emitTwo (events.js:100:13)
25 silly fetchPackageMetaData     at Request.emit (events.js:185:7)
25 silly fetchPackageMetaData     at Request.<anonymous> (C:\Program Files\nodejs\node_modules\npm\node_modules\request\request.js:1036:10)
25 silly fetchPackageMetaData     at emitOne (events.js:95:20)
25 silly fetchPackageMetaData     at Request.emit (events.js:182:7)
25 silly fetchPackageMetaData     at IncomingMessage.<anonymous> (C:\Program Files\nodejs\node_modules\npm\node_modules\request\request.js:963:12)
25 silly fetchPackageMetaData  error for fastdom-promised { [Error: Registry returned 404 for GET on https://registry.npmjs.org/fastdom-promised] pkgid: 'fastdom-promised', statusCode: 404, code: 'E404' }
26 silly rollbackFailedOptional Starting
27 silly rollbackFailedOptional Finishing
28 silly runTopLevelLifecycles Starting
29 silly runTopLevelLifecycles Finishing
30 silly install printInstalled
31 verbose stack Error: Registry returned 404 for GET on https://registry.npmjs.org/fastdom-promised
31 verbose stack     at makeError (C:\Program Files\nodejs\node_modules\npm\node_modules\npm-registry-client\lib\request.js:264:12)
31 verbose stack     at CachingRegistryClient.<anonymous> (C:\Program Files\nodejs\node_modules\npm\node_modules\npm-registry-client\lib\request.js:242:14)
31 verbose stack     at Request._callback (C:\Program Files\nodejs\node_modules\npm\node_modules\npm-registry-client\lib\request.js:172:14)
31 verbose stack     at Request.self.callback (C:\Program Files\nodejs\node_modules\npm\node_modules\request\request.js:199:22)
31 verbose stack     at emitTwo (events.js:100:13)
31 verbose stack     at Request.emit (events.js:185:7)
31 verbose stack     at Request.<anonymous> (C:\Program Files\nodejs\node_modules\npm\node_modules\request\request.js:1036:10)
31 verbose stack     at emitOne (events.js:95:20)
31 verbose stack     at Request.emit (events.js:182:7)
31 verbose stack     at IncomingMessage.<anonymous> (C:\Program Files\nodejs\node_modules\npm\node_modules\request\request.js:963:12)
32 verbose statusCode 404
33 verbose pkgid fastdom-promised
34 verbose cwd C:\Users\thekho.ngaosathe\Desktop\ajaxApp_mfs03Oct2016
35 error Windows_NT 6.1.7601
36 error argv "C:\\Program Files\\nodejs\\node.exe" "C:\\Program Files\\nodejs\\node_modules\\npm\\bin\\npm-cli.js" "install" "--save" "fastdom-promised"
37 error node v5.9.0
38 error npm  v3.7.3
39 error code E404
40 error 404 Registry returned 404 for GET on https://registry.npmjs.org/fastdom-promised
41 error 404
42 error 404 'fastdom-promised' is not in the npm registry.
43 error 404 You should bug the author to publish it (or use the name yourself!)
44 error 404 Note that you can also install from a
45 error 404 tarball, folder, http url, or git url.
46 verbose exit [ 1, true ]
